# JRE version: OpenJDK Runtime Environment JBR-21.0.4+13-509.26-jcef (21.0.4+13) (build 21.0.4+13-b509.26)
# Java VM: OpenJDK 64-Bit Server VM JBR-21.0.4+13-509.26-jcef (21.0.4+13-b509.26, mixed mode, tiered, compressed oops, compressed class ptrs, g1 gc, windows-amd64)
GC Precious Log:
 CardTable entry size: 512
 Card Set container configuration: InlinePtr #cards 4 size 8 Array Of Cards #cards 16 size 48 Howl #buckets 8 coarsen threshold 3686 Howl Bitmap #cards 512 size 80 coarsen threshold 460 Card regions per heap region 1 cards per card region 4096
 CPUs: 4 total, 4 available
 Memory: 5171M
 Large Page Support: Disabled
 NUMA Support: Disabled
 Compressed Oops: Enabled (Zero based)
 Heap Region Size: 2M
 Heap Min Capacity: 8M
 Heap Initial Capacity: 82M
 Heap Max Capacity: 4G
 Pre-touch: Disabled
 Parallel Workers: 4
 Concurrent Workers: 1
 Concurrent Refinement Workers: 4
 Periodic GC: Disabled
Heap:
 garbage-first heap   total 94208K, used 70622K [0x0000000700000000, 0x0000000800000000)
  region size 2048K, 1 young (2048K), 1 survivors (2048K)
 Metaspace       used 58193K, committed 59648K, reserved 1114112K
  class space    used 7541K, committed 8256K, reserved 1048576K
GC Heap History (20 events):
Event: 1.666 GC heap after
{Heap after GC invocations=6 (full 0):
 garbage-first heap   total 83968K, used 21082K [0x0000000700000000, 0x0000000800000000)
  region size 2048K, 1 young (2048K), 1 survivors (2048K)
 Metaspace       used 27768K, committed 28224K, reserved 1114112K
  class space    used 3251K, committed 3456K, reserved 1048576K
}
Event: 2.187 GC heap before
{Heap before GC invocations=6 (full 0):
 garbage-first heap   total 83968K, used 57946K [0x0000000700000000, 0x0000000800000000)
  region size 2048K, 19 young (38912K), 1 survivors (2048K)
 Metaspace       used 32943K, committed 33664K, reserved 1114112K
  class space    used 4124K, committed 4480K, reserved 1048576K
}
Event: 2.191 GC heap after
{Heap after GC invocations=7 (full 0):
 garbage-first heap   total 83968K, used 23691K [0x0000000700000000, 0x0000000800000000)
  region size 2048K, 3 young (6144K), 3 survivors (6144K)
 Metaspace       used 32943K, committed 33664K, reserved 1114112K
  class space    used 4124K, committed 4480K, reserved 1048576K
}
Event: 2.446 GC heap before
{Heap before GC invocations=7 (full 0):
 garbage-first heap   total 83968K, used 50315K [0x0000000700000000, 0x0000000800000000)
  region size 2048K, 12 young (24576K), 3 survivors (6144K)
 Metaspace       used 35287K, committed 36096K, reserved 1114112K
  class space    used 4542K, committed 4928K, reserved 1048576K
}
Event: 2.450 GC heap after
{Heap after GC invocations=8 (full 0):
 garbage-first heap   total 83968K, used 39464K [0x0000000700000000, 0x0000000800000000)
  region size 2048K, 3 young (6144K), 3 survivors (6144K)
 Metaspace       used 35287K, committed 36096K, reserved 1114112K
  class space    used 4542K, committed 4928K, reserved 1048576K
}
Event: 2.861 GC heap before
{Heap before GC invocations=9 (full 0):
 garbage-first heap   total 83968K, used 70184K [0x0000000700000000, 0x0000000800000000)
  region size 2048K, 18 young (36864K), 3 survivors (6144K)
 Metaspace       used 39055K, committed 40064K, reserved 1114112K
  class space    used 5152K, committed 5632K, reserved 1048576K
}
Event: 2.866 GC heap after
{Heap after GC invocations=10 (full 0):
 garbage-first heap   total 83968K, used 41745K [0x0000000700000000, 0x0000000800000000)
  region size 2048K, 3 young (6144K), 3 survivors (6144K)
 Metaspace       used 39055K, committed 40064K, reserved 1114112K
  class space    used 5152K, committed 5632K, reserved 1048576K
}
Event: 3.201 GC heap before
{Heap before GC invocations=10 (full 0):
 garbage-first heap   total 83968K, used 70417K [0x0000000700000000, 0x0000000800000000)
  region size 2048K, 17 young (34816K), 3 survivors (6144K)
 Metaspace       used 42993K, committed 44224K, reserved 1114112K
  class space    used 5798K, committed 6400K, reserved 1048576K
}
Event: 3.204 GC heap after
{Heap after GC invocations=11 (full 0):
 garbage-first heap   total 83968K, used 42789K [0x0000000700000000, 0x0000000800000000)
  region size 2048K, 2 young (4096K), 2 survivors (4096K)
 Metaspace       used 42993K, committed 44224K, reserved 1114112K
  class space    used 5798K, committed 6400K, reserved 1048576K
}
Event: 3.534 GC heap before
{Heap before GC invocations=11 (full 0):
 garbage-first heap   total 83968K, used 71461K [0x0000000700000000, 0x0000000800000000)
  region size 2048K, 17 young (34816K), 2 survivors (4096K)
 Metaspace       used 49217K, committed 50432K, reserved 1114112K
  class space    used 6435K, committed 7040K, reserved 1048576K
}
Event: 3.538 GC heap after
{Heap after GC invocations=12 (full 0):
 garbage-first heap   total 83968K, used 46786K [0x0000000700000000, 0x0000000800000000)
  region size 2048K, 3 young (6144K), 3 survivors (6144K)
 Metaspace       used 49217K, committed 50432K, reserved 1114112K
  class space    used 6435K, committed 7040K, reserved 1048576K
}
Event: 3.661 GC heap before
{Heap before GC invocations=13 (full 0):
 garbage-first heap   total 83968K, used 67266K [0x0000000700000000, 0x0000000800000000)
  region size 2048K, 14 young (28672K), 3 survivors (6144K)
 Metaspace       used 49793K, committed 51072K, reserved 1114112K
  class space    used 6496K, committed 7104K, reserved 1048576K
}
Event: 3.665 GC heap after
{Heap after GC invocations=14 (full 0):
 garbage-first heap   total 83968K, used 48156K [0x0000000700000000, 0x0000000800000000)
  region size 2048K, 2 young (4096K), 2 survivors (4096K)
 Metaspace       used 49793K, committed 51072K, reserved 1114112K
  class space    used 6496K, committed 7104K, reserved 1048576K
}
Event: 3.964 GC heap before
{Heap before GC invocations=14 (full 0):
 garbage-first heap   total 83968K, used 74780K [0x0000000700000000, 0x0000000800000000)
  region size 2048K, 13 young (26624K), 2 survivors (4096K)
 Metaspace       used 53237K, committed 54592K, reserved 1114112K
  class space    used 6912K, committed 7616K, reserved 1048576K
}
Event: 3.967 GC heap after
{Heap after GC invocations=15 (full 0):
 garbage-first heap   total 83968K, used 49541K [0x0000000700000000, 0x0000000800000000)
  region size 2048K, 2 young (4096K), 2 survivors (4096K)
 Metaspace       used 53237K, committed 54592K, reserved 1114112K
  class space    used 6912K, committed 7616K, reserved 1048576K
}
Event: 4.209 GC heap before
{Heap before GC invocations=15 (full 0):
 garbage-first heap   total 83968K, used 72069K [0x0000000700000000, 0x0000000800000000)
  region size 2048K, 13 young (26624K), 2 survivors (4096K)
 Metaspace       used 55748K, committed 57216K, reserved 1114112K
  class space    used 7323K, committed 8064K, reserved 1048576K
}
Event: 4.212 GC heap after
{Heap after GC invocations=16 (full 0):
 garbage-first heap   total 83968K, used 51407K [0x0000000700000000, 0x0000000800000000)
  region size 2048K, 2 young (4096K), 2 survivors (4096K)
 Metaspace       used 55748K, committed 57216K, reserved 1114112K
  class space    used 7323K, committed 8064K, reserved 1048576K
}
Event: 4.509 GC heap before
{Heap before GC invocations=17 (full 0):
 garbage-first heap   total 90112K, used 84175K [0x0000000700000000, 0x0000000800000000)
  region size 2048K, 12 young (24576K), 2 survivors (4096K)
 Metaspace       used 57695K, committed 59136K, reserved 1114112K
  class space    used 7452K, committed 8192K, reserved 1048576K
}
Event: 4.512 GC heap after
{Heap after GC invocations=18 (full 0):
 garbage-first heap   total 94208K, used 69273K [0x0000000700000000, 0x0000000800000000)
  region size 2048K, 2 young (4096K), 2 survivors (4096K)
 Metaspace       used 57695K, committed 59136K, reserved 1114112K
  class space    used 7452K, committed 8192K, reserved 1048576K
}
Event: 4.600 GC heap before
{Heap before GC invocations=18 (full 0):
 garbage-first heap   total 94208K, used 83609K [0x0000000700000000, 0x0000000800000000)
  region size 2048K, 9 young (18432K), 2 survivors (4096K)
 Metaspace       used 58193K, committed 59648K, reserved 1114112K
  class space    used 7541K, committed 8256K, reserved 1048576K
}

