# JRE version: OpenJDK Runtime Environment JBR-21.0.4+13-509.26-jcef (21.0.4+13) (build 21.0.4+13-b509.26)
# Java VM: OpenJDK 64-Bit Server VM JBR-21.0.4+13-509.26-jcef (21.0.4+13-b509.26, mixed mode, tiered, compressed oops, compressed class ptrs, g1 gc, windows-amd64)
GC Precious Log:
 CardTable entry size: 512
 Card Set container configuration: InlinePtr #cards 4 size 8 Array Of Cards #cards 16 size 48 Howl #buckets 8 coarsen threshold 3686 Howl Bitmap #cards 512 size 80 coarsen threshold 460 Card regions per heap region 1 cards per card region 4096
 CPUs: 4 total, 4 available
 Memory: 5171M
 Large Page Support: Disabled
 NUMA Support: Disabled
 Compressed Oops: Enabled (Zero based)
 Heap Region Size: 2M
 Heap Min Capacity: 8M
 Heap Initial Capacity: 82M
 Heap Max Capacity: 4G
 Pre-touch: Disabled
 Parallel Workers: 4
 Concurrent Workers: 1
 Concurrent Refinement Workers: 4
 Periodic GC: Disabled
Heap:
 garbage-first heap   total 1052672K, used 180547K [0x0000000700000000, 0x0000000800000000)
  region size 2048K, 8 young (16384K), 8 survivors (16384K)
 Metaspace       used 147792K, committed 150080K, reserved 1179648K
  class space    used 18505K, committed 20096K, reserved 1048576K
GC Heap History (20 events):
Event: 5525.733 GC heap after
{Heap after GC invocations=157 (full 0):
 garbage-first heap   total 1052672K, used 178637K [0x0000000700000000, 0x0000000800000000)
  region size 2048K, 3 young (6144K), 3 survivors (6144K)
 Metaspace       used 147374K, committed 149888K, reserved 1179648K
  class space    used 18503K, committed 20096K, reserved 1048576K
}
Event: 5769.466 GC heap before
{Heap before GC invocations=157 (full 0):
 garbage-first heap   total 1052672K, used 481741K [0x0000000700000000, 0x0000000800000000)
  region size 2048K, 133 young (272384K), 3 survivors (6144K)
 Metaspace       used 147423K, committed 149952K, reserved 1179648K
  class space    used 18503K, committed 20096K, reserved 1048576K
}
Event: 5769.590 GC heap after
{Heap after GC invocations=158 (full 0):
 garbage-first heap   total 1052672K, used 190242K [0x0000000700000000, 0x0000000800000000)
  region size 2048K, 8 young (16384K), 8 survivors (16384K)
 Metaspace       used 147423K, committed 149952K, reserved 1179648K
  class space    used 18503K, committed 20096K, reserved 1048576K
}
Event: 5809.860 GC heap before
{Heap before GC invocations=158 (full 0):
 garbage-first heap   total 1052672K, used 345890K [0x0000000700000000, 0x0000000800000000)
  region size 2048K, 85 young (174080K), 8 survivors (16384K)
 Metaspace       used 147505K, committed 149952K, reserved 1179648K
  class space    used 18503K, committed 20096K, reserved 1048576K
}
Event: 5809.962 GC heap after
{Heap after GC invocations=159 (full 0):
 garbage-first heap   total 1052672K, used 188977K [0x0000000700000000, 0x0000000800000000)
  region size 2048K, 1 young (2048K), 1 survivors (2048K)
 Metaspace       used 147505K, committed 149952K, reserved 1179648K
  class space    used 18503K, committed 20096K, reserved 1048576K
}
Event: 6033.193 GC heap before
{Heap before GC invocations=159 (full 0):
 garbage-first heap   total 1052672K, used 447025K [0x0000000700000000, 0x0000000800000000)
  region size 2048K, 128 young (262144K), 1 survivors (2048K)
 Metaspace       used 147558K, committed 149952K, reserved 1179648K
  class space    used 18503K, committed 20096K, reserved 1048576K
}
Event: 6033.235 GC heap after
{Heap after GC invocations=160 (full 0):
 garbage-first heap   total 1052672K, used 188200K [0x0000000700000000, 0x0000000800000000)
  region size 2048K, 1 young (2048K), 1 survivors (2048K)
 Metaspace       used 147558K, committed 149952K, reserved 1179648K
  class space    used 18503K, committed 20096K, reserved 1048576K
}
Event: 6235.888 GC heap before
{Heap before GC invocations=160 (full 0):
 garbage-first heap   total 1052672K, used 464680K [0x0000000700000000, 0x0000000800000000)
  region size 2048K, 137 young (280576K), 1 survivors (2048K)
 Metaspace       used 147570K, committed 149952K, reserved 1179648K
  class space    used 18503K, committed 20096K, reserved 1048576K
}
Event: 6235.925 GC heap after
{Heap after GC invocations=161 (full 0):
 garbage-first heap   total 1052672K, used 190497K [0x0000000700000000, 0x0000000800000000)
  region size 2048K, 3 young (6144K), 3 survivors (6144K)
 Metaspace       used 147570K, committed 149952K, reserved 1179648K
  class space    used 18503K, committed 20096K, reserved 1048576K
}
Event: 6238.505 GC heap before
{Heap before GC invocations=161 (full 0):
 garbage-first heap   total 1052672K, used 292897K [0x0000000700000000, 0x0000000800000000)
  region size 2048K, 54 young (110592K), 3 survivors (6144K)
 Metaspace       used 147604K, committed 149952K, reserved 1179648K
  class space    used 18504K, committed 20096K, reserved 1048576K
}
Event: 6238.532 GC heap after
{Heap after GC invocations=162 (full 0):
 garbage-first heap   total 1052672K, used 201345K [0x0000000700000000, 0x0000000800000000)
  region size 2048K, 8 young (16384K), 8 survivors (16384K)
 Metaspace       used 147604K, committed 149952K, reserved 1179648K
  class space    used 18504K, committed 20096K, reserved 1048576K
}
Event: 6329.033 GC heap before
{Heap before GC invocations=163 (full 0):
 garbage-first heap   total 622592K, used 578177K [0x0000000700000000, 0x0000000800000000)
  region size 2048K, 182 young (372736K), 8 survivors (16384K)
 Metaspace       used 147768K, committed 150080K, reserved 1179648K
  class space    used 18504K, committed 20096K, reserved 1048576K
}
Event: 6329.238 GC heap after
{Heap after GC invocations=164 (full 0):
 garbage-first heap   total 622592K, used 195571K [0x0000000700000000, 0x0000000800000000)
  region size 2048K, 15 young (30720K), 15 survivors (30720K)
 Metaspace       used 147768K, committed 150080K, reserved 1179648K
  class space    used 18504K, committed 20096K, reserved 1048576K
}
Event: 6329.809 GC heap before
{Heap before GC invocations=164 (full 0):
 garbage-first heap   total 622592K, used 300019K [0x0000000700000000, 0x0000000800000000)
  region size 2048K, 66 young (135168K), 15 survivors (30720K)
 Metaspace       used 147768K, committed 150080K, reserved 1179648K
  class space    used 18504K, committed 20096K, reserved 1048576K
}
Event: 6329.931 GC heap after
{Heap after GC invocations=165 (full 0):
 garbage-first heap   total 622592K, used 196170K [0x0000000700000000, 0x0000000800000000)
  region size 2048K, 4 young (8192K), 4 survivors (8192K)
 Metaspace       used 147768K, committed 150080K, reserved 1179648K
  class space    used 18504K, committed 20096K, reserved 1048576K
}
Event: 6330.666 GC heap before
{Heap before GC invocations=165 (full 0):
 garbage-first heap   total 622592K, used 497226K [0x0000000700000000, 0x0000000800000000)
  region size 2048K, 151 young (309248K), 4 survivors (8192K)
 Metaspace       used 147768K, committed 150080K, reserved 1179648K
  class space    used 18504K, committed 20096K, reserved 1048576K
}
Event: 6330.695 GC heap after
{Heap after GC invocations=166 (full 0):
 garbage-first heap   total 622592K, used 195340K [0x0000000700000000, 0x0000000800000000)
  region size 2048K, 5 young (10240K), 5 survivors (10240K)
 Metaspace       used 147768K, committed 150080K, reserved 1179648K
  class space    used 18504K, committed 20096K, reserved 1048576K
}
Event: 6331.265 GC heap before
{Heap before GC invocations=166 (full 0):
 garbage-first heap   total 622592K, used 545548K [0x0000000700000000, 0x0000000800000000)
  region size 2048K, 176 young (360448K), 5 survivors (10240K)
 Metaspace       used 147768K, committed 150080K, reserved 1179648K
  class space    used 18504K, committed 20096K, reserved 1048576K
}
Event: 6331.419 GC heap after
{Heap after GC invocations=167 (full 0):
 garbage-first heap   total 622592K, used 172907K [0x0000000700000000, 0x0000000800000000)
  region size 2048K, 4 young (8192K), 4 survivors (8192K)
 Metaspace       used 147768K, committed 150080K, reserved 1179648K
  class space    used 18504K, committed 20096K, reserved 1048576K
}
Event: 6331.790 GC heap before
{Heap before GC invocations=167 (full 0):
 garbage-first heap   total 622592K, used 535403K [0x0000000700000000, 0x0000000800000000)
  region size 2048K, 182 young (372736K), 4 survivors (8192K)
 Metaspace       used 147792K, committed 150080K, reserved 1179648K
  class space    used 18505K, committed 20096K, reserved 1048576K
}

