# JRE version: OpenJDK Runtime Environment JBR-21.0.4+13-509.26-jcef (21.0.4+13) (build 21.0.4+13-b509.26)
# Java VM: OpenJDK 64-Bit Server VM JBR-21.0.4+13-509.26-jcef (21.0.4+13-b509.26, mixed mode, tiered, compressed oops, compressed class ptrs, g1 gc, windows-amd64)
GC Precious Log:
 CardTable entry size: 512
 Card Set container configuration: InlinePtr #cards 4 size 8 Array Of Cards #cards 16 size 48 Howl #buckets 8 coarsen threshold 3686 Howl Bitmap #cards 512 size 80 coarsen threshold 460 Card regions per heap region 1 cards per card region 4096
 CPUs: 4 total, 4 available
 Memory: 5171M
 Large Page Support: Disabled
 NUMA Support: Disabled
 Compressed Oops: Enabled (Zero based)
 Heap Region Size: 2M
 Heap Min Capacity: 8M
 Heap Initial Capacity: 82M
 Heap Max Capacity: 4G
 Pre-touch: Disabled
 Parallel Workers: 4
 Concurrent Workers: 1
 Concurrent Refinement Workers: 4
 Periodic GC: Disabled
Heap:
 garbage-first heap   total 724992K, used 663552K [0x0000000700000000, 0x0000000800000000)
  region size 2048K, 123 young (251904K), 1 survivors (2048K)
 Metaspace       used 166878K, committed 169536K, reserved 1245184K
  class space    used 21742K, committed 23104K, reserved 1048576K
GC Heap History (20 events):
Event: 386.411 GC heap before
{Heap before GC invocations=59 (full 0):
 garbage-first heap   total 442368K, used 381564K [0x0000000700000000, 0x0000000800000000)
  region size 2048K, 70 young (143360K), 2 survivors (4096K)
 Metaspace       used 161977K, committed 164544K, reserved 1245184K
  class space    used 21260K, committed 22528K, reserved 1048576K
}
Event: 386.486 GC heap after
{Heap after GC invocations=60 (full 0):
 garbage-first heap   total 442368K, used 254626K [0x0000000700000000, 0x0000000800000000)
  region size 2048K, 7 young (14336K), 7 survivors (14336K)
 Metaspace       used 161977K, committed 164544K, reserved 1245184K
  class space    used 21260K, committed 22528K, reserved 1048576K
}
Event: 387.074 GC heap before
{Heap before GC invocations=60 (full 0):
 garbage-first heap   total 442368K, used 350882K [0x0000000700000000, 0x0000000800000000)
  region size 2048K, 54 young (110592K), 7 survivors (14336K)
 Metaspace       used 162417K, committed 164992K, reserved 1245184K
  class space    used 21262K, committed 22592K, reserved 1048576K
}
Event: 387.091 GC heap after
{Heap after GC invocations=61 (full 0):
 garbage-first heap   total 442368K, used 257555K [0x0000000700000000, 0x0000000800000000)
  region size 2048K, 3 young (6144K), 3 survivors (6144K)
 Metaspace       used 162417K, committed 164992K, reserved 1245184K
  class space    used 21262K, committed 22592K, reserved 1048576K
}
Event: 387.668 GC heap before
{Heap before GC invocations=61 (full 0):
 garbage-first heap   total 442368K, used 400915K [0x0000000700000000, 0x0000000800000000)
  region size 2048K, 73 young (149504K), 3 survivors (6144K)
 Metaspace       used 162745K, committed 165312K, reserved 1245184K
  class space    used 21305K, committed 22592K, reserved 1048576K
}
Event: 387.674 GC heap after
{Heap after GC invocations=62 (full 0):
 garbage-first heap   total 442368K, used 254277K [0x0000000700000000, 0x0000000800000000)
  region size 2048K, 1 young (2048K), 1 survivors (2048K)
 Metaspace       used 162745K, committed 165312K, reserved 1245184K
  class space    used 21305K, committed 22592K, reserved 1048576K
}
Event: 388.064 GC heap before
{Heap before GC invocations=62 (full 0):
 garbage-first heap   total 442368K, used 403781K [0x0000000700000000, 0x0000000800000000)
  region size 2048K, 74 young (151552K), 1 survivors (2048K)
 Metaspace       used 163029K, committed 165568K, reserved 1245184K
  class space    used 21324K, committed 22592K, reserved 1048576K
}
Event: 388.068 GC heap after
{Heap after GC invocations=63 (full 0):
 garbage-first heap   total 442368K, used 254285K [0x0000000700000000, 0x0000000800000000)
  region size 2048K, 1 young (2048K), 1 survivors (2048K)
 Metaspace       used 163029K, committed 165568K, reserved 1245184K
  class space    used 21324K, committed 22592K, reserved 1048576K
}
Event: 389.891 GC heap before
{Heap before GC invocations=64 (full 0):
 garbage-first heap   total 442368K, used 411981K [0x0000000700000000, 0x0000000800000000)
  region size 2048K, 78 young (159744K), 1 survivors (2048K)
 Metaspace       used 163071K, committed 165632K, reserved 1245184K
  class space    used 21327K, committed 22656K, reserved 1048576K
}
Event: 389.904 GC heap after
{Heap after GC invocations=65 (full 0):
 garbage-first heap   total 442368K, used 260201K [0x0000000700000000, 0x0000000800000000)
  region size 2048K, 4 young (8192K), 4 survivors (8192K)
 Metaspace       used 163071K, committed 165632K, reserved 1245184K
  class space    used 21327K, committed 22656K, reserved 1048576K
}
Event: 390.414 GC heap before
{Heap before GC invocations=65 (full 0):
 garbage-first heap   total 442368K, used 405609K [0x0000000700000000, 0x0000000800000000)
  region size 2048K, 76 young (155648K), 4 survivors (8192K)
 Metaspace       used 163159K, committed 165696K, reserved 1245184K
  class space    used 21350K, committed 22656K, reserved 1048576K
}
Event: 390.436 GC heap after
{Heap after GC invocations=66 (full 0):
 garbage-first heap   total 442368K, used 249096K [0x0000000700000000, 0x0000000800000000)
  region size 2048K, 4 young (8192K), 4 survivors (8192K)
 Metaspace       used 163159K, committed 165696K, reserved 1245184K
  class space    used 21350K, committed 22656K, reserved 1048576K
}
Event: 391.660 GC heap before
{Heap before GC invocations=66 (full 0):
 garbage-first heap   total 442368K, used 406792K [0x0000000700000000, 0x0000000800000000)
  region size 2048K, 81 young (165888K), 4 survivors (8192K)
 Metaspace       used 163183K, committed 165696K, reserved 1245184K
  class space    used 21350K, committed 22656K, reserved 1048576K
}
Event: 391.671 GC heap after
{Heap after GC invocations=67 (full 0):
 garbage-first heap   total 694272K, used 249653K [0x0000000700000000, 0x0000000800000000)
  region size 2048K, 4 young (8192K), 4 survivors (8192K)
 Metaspace       used 163183K, committed 165696K, reserved 1245184K
  class space    used 21350K, committed 22656K, reserved 1048576K
}
Event: 396.204 GC heap before
{Heap before GC invocations=68 (full 0):
 garbage-first heap   total 694272K, used 644917K [0x0000000700000000, 0x0000000800000000)
  region size 2048K, 198 young (405504K), 4 survivors (8192K)
 Metaspace       used 163677K, committed 166208K, reserved 1245184K
  class space    used 21375K, committed 22656K, reserved 1048576K
}
Event: 396.301 GC heap after
{Heap after GC invocations=69 (full 0):
 garbage-first heap   total 694272K, used 254211K [0x0000000700000000, 0x0000000800000000)
  region size 2048K, 6 young (12288K), 6 survivors (12288K)
 Metaspace       used 163677K, committed 166208K, reserved 1245184K
  class space    used 21375K, committed 22656K, reserved 1048576K
}
Event: 418.049 GC heap before
{Heap before GC invocations=69 (full 0):
 garbage-first heap   total 694272K, used 690435K [0x0000000700000000, 0x0000000800000000)
  region size 2048K, 148 young (303104K), 6 survivors (12288K)
 Metaspace       used 166157K, committed 168704K, reserved 1245184K
  class space    used 21684K, committed 22976K, reserved 1048576K
}
Event: 418.144 GC heap after
{Heap after GC invocations=70 (full 0):
 garbage-first heap   total 724992K, used 360892K [0x0000000700000000, 0x0000000800000000)
  region size 2048K, 13 young (26624K), 13 survivors (26624K)
 Metaspace       used 166157K, committed 168704K, reserved 1245184K
  class space    used 21684K, committed 22976K, reserved 1048576K
}
Event: 418.181 GC heap before
{Heap before GC invocations=70 (full 0):
 garbage-first heap   total 724992K, used 360892K [0x0000000700000000, 0x0000000800000000)
  region size 2048K, 14 young (28672K), 13 survivors (26624K)
 Metaspace       used 166157K, committed 168704K, reserved 1245184K
  class space    used 21684K, committed 22976K, reserved 1048576K
}
Event: 418.212 GC heap after
{Heap after GC invocations=71 (full 0):
 garbage-first heap   total 724992K, used 360448K [0x0000000700000000, 0x0000000800000000)
  region size 2048K, 1 young (2048K), 1 survivors (2048K)
 Metaspace       used 166157K, committed 168704K, reserved 1245184K
  class space    used 21684K, committed 22976K, reserved 1048576K
}

