# JRE version: OpenJDK Runtime Environment JBR-21.0.4+13-509.26-jcef (21.0.4+13) (build 21.0.4+13-b509.26)
# Java VM: OpenJDK 64-Bit Server VM JBR-21.0.4+13-509.26-jcef (21.0.4+13-b509.26, mixed mode, tiered, compressed oops, compressed class ptrs, g1 gc, windows-amd64)
GC Precious Log:
 CardTable entry size: 512
 Card Set container configuration: InlinePtr #cards 4 size 8 Array Of Cards #cards 16 size 48 Howl #buckets 8 coarsen threshold 3686 Howl Bitmap #cards 512 size 80 coarsen threshold 460 Card regions per heap region 1 cards per card region 4096
 CPUs: 4 total, 4 available
 Memory: 5171M
 Large Page Support: Disabled
 NUMA Support: Disabled
 Compressed Oops: Enabled (Zero based)
 Heap Region Size: 2M
 Heap Min Capacity: 8M
 Heap Initial Capacity: 82M
 Heap Max Capacity: 4G
 Pre-touch: Disabled
 Parallel Workers: 4
 Concurrent Workers: 1
 Concurrent Refinement Workers: 4
 Periodic GC: Disabled
Heap:
 garbage-first heap   total 104448K, used 62101K [0x0000000700000000, 0x0000000800000000)
  region size 2048K, 7 young (14336K), 1 survivors (2048K)
 Metaspace       used 55684K, committed 57088K, reserved 1114112K
  class space    used 7324K, committed 8064K, reserved 1048576K
GC Heap History (20 events):
Event: 1.290 GC heap before
{Heap before GC invocations=3 (full 0):
 garbage-first heap   total 83968K, used 52218K [0x0000000700000000, 0x0000000800000000)
  region size 2048K, 22 young (45056K), 1 survivors (2048K)
 Metaspace       used 21222K, committed 21504K, reserved 1114112K
  class space    used 2287K, committed 2432K, reserved 1048576K
}
Event: 1.296 GC heap after
{Heap after GC invocations=4 (full 0):
 garbage-first heap   total 83968K, used 18603K [0x0000000700000000, 0x0000000800000000)
  region size 2048K, 3 young (6144K), 3 survivors (6144K)
 Metaspace       used 21222K, committed 21504K, reserved 1114112K
  class space    used 2287K, committed 2432K, reserved 1048576K
}
Event: 1.653 GC heap before
{Heap before GC invocations=5 (full 0):
 garbage-first heap   total 69632K, used 51371K [0x0000000700000000, 0x0000000800000000)
  region size 2048K, 20 young (40960K), 3 survivors (6144K)
 Metaspace       used 27750K, committed 28224K, reserved 1114112K
  class space    used 3245K, committed 3456K, reserved 1048576K
}
Event: 1.659 GC heap after
{Heap after GC invocations=6 (full 0):
 garbage-first heap   total 69632K, used 20651K [0x0000000700000000, 0x0000000800000000)
  region size 2048K, 1 young (2048K), 1 survivors (2048K)
 Metaspace       used 27750K, committed 28224K, reserved 1114112K
  class space    used 3245K, committed 3456K, reserved 1048576K
}
Event: 2.033 GC heap before
{Heap before GC invocations=6 (full 0):
 garbage-first heap   total 69632K, used 51371K [0x0000000700000000, 0x0000000800000000)
  region size 2048K, 16 young (32768K), 1 survivors (2048K)
 Metaspace       used 32095K, committed 32704K, reserved 1114112K
  class space    used 3982K, committed 4224K, reserved 1048576K
}
Event: 2.035 GC heap after
{Heap after GC invocations=7 (full 0):
 garbage-first heap   total 69632K, used 22861K [0x0000000700000000, 0x0000000800000000)
  region size 2048K, 2 young (4096K), 2 survivors (4096K)
 Metaspace       used 32095K, committed 32704K, reserved 1114112K
  class space    used 3982K, committed 4224K, reserved 1048576K
}
Event: 2.309 GC heap before
{Heap before GC invocations=7 (full 0):
 garbage-first heap   total 69632K, used 53581K [0x0000000700000000, 0x0000000800000000)
  region size 2048K, 13 young (26624K), 2 survivors (4096K)
 Metaspace       used 35052K, committed 35840K, reserved 1114112K
  class space    used 4517K, committed 4928K, reserved 1048576K
}
Event: 2.314 GC heap after
{Heap after GC invocations=8 (full 0):
 garbage-first heap   total 69632K, used 35811K [0x0000000700000000, 0x0000000800000000)
  region size 2048K, 3 young (6144K), 3 survivors (6144K)
 Metaspace       used 35052K, committed 35840K, reserved 1114112K
  class space    used 4517K, committed 4928K, reserved 1048576K
}
Event: 2.502 GC heap before
{Heap before GC invocations=9 (full 0):
 garbage-first heap   total 69632K, used 56291K [0x0000000700000000, 0x0000000800000000)
  region size 2048K, 12 young (24576K), 3 survivors (6144K)
 Metaspace       used 37321K, committed 38208K, reserved 1114112K
  class space    used 4850K, committed 5312K, reserved 1048576K
}
Event: 2.508 GC heap after
{Heap after GC invocations=10 (full 0):
 garbage-first heap   total 83968K, used 40462K [0x0000000700000000, 0x0000000800000000)
  region size 2048K, 2 young (4096K), 2 survivors (4096K)
 Metaspace       used 37321K, committed 38208K, reserved 1114112K
  class space    used 4850K, committed 5312K, reserved 1048576K
}
Event: 2.771 GC heap before
{Heap before GC invocations=10 (full 0):
 garbage-first heap   total 83968K, used 67086K [0x0000000700000000, 0x0000000800000000)
  region size 2048K, 15 young (30720K), 2 survivors (4096K)
 Metaspace       used 40462K, committed 41536K, reserved 1114112K
  class space    used 5396K, committed 5952K, reserved 1048576K
}
Event: 2.775 GC heap after
{Heap after GC invocations=11 (full 0):
 garbage-first heap   total 83968K, used 42021K [0x0000000700000000, 0x0000000800000000)
  region size 2048K, 1 young (2048K), 1 survivors (2048K)
 Metaspace       used 40462K, committed 41536K, reserved 1114112K
  class space    used 5396K, committed 5952K, reserved 1048576K
}
Event: 3.122 GC heap before
{Heap before GC invocations=11 (full 0):
 garbage-first heap   total 83968K, used 68645K [0x0000000700000000, 0x0000000800000000)
  region size 2048K, 14 young (28672K), 1 survivors (2048K)
 Metaspace       used 44761K, committed 46016K, reserved 1114112K
  class space    used 6008K, committed 6592K, reserved 1048576K
}
Event: 3.127 GC heap after
{Heap after GC invocations=12 (full 0):
 garbage-first heap   total 83968K, used 44242K [0x0000000700000000, 0x0000000800000000)
  region size 2048K, 2 young (4096K), 2 survivors (4096K)
 Metaspace       used 44761K, committed 46016K, reserved 1114112K
  class space    used 6008K, committed 6592K, reserved 1048576K
}
Event: 3.373 GC heap before
{Heap before GC invocations=13 (full 0):
 garbage-first heap   total 83968K, used 68818K [0x0000000700000000, 0x0000000800000000)
  region size 2048K, 15 young (30720K), 2 survivors (4096K)
 Metaspace       used 49182K, committed 50368K, reserved 1114112K
  class space    used 6431K, committed 7040K, reserved 1048576K
}
Event: 3.378 GC heap after
{Heap after GC invocations=14 (full 0):
 garbage-first heap   total 83968K, used 47576K [0x0000000700000000, 0x0000000800000000)
  region size 2048K, 2 young (4096K), 2 survivors (4096K)
 Metaspace       used 49182K, committed 50368K, reserved 1114112K
  class space    used 6431K, committed 7040K, reserved 1048576K
}
Event: 3.587 GC heap before
{Heap before GC invocations=14 (full 0):
 garbage-first heap   total 83968K, used 76248K [0x0000000700000000, 0x0000000800000000)
  region size 2048K, 14 young (28672K), 2 survivors (4096K)
 Metaspace       used 51408K, committed 52672K, reserved 1114112K
  class space    used 6628K, committed 7232K, reserved 1048576K
}
Event: 3.592 GC heap after
{Heap after GC invocations=15 (full 0):
 garbage-first heap   total 86016K, used 50375K [0x0000000700000000, 0x0000000800000000)
  region size 2048K, 2 young (4096K), 2 survivors (4096K)
 Metaspace       used 51408K, committed 52672K, reserved 1114112K
  class space    used 6628K, committed 7232K, reserved 1048576K
}
Event: 3.809 GC heap before
{Heap before GC invocations=15 (full 0):
 garbage-first heap   total 86016K, used 74951K [0x0000000700000000, 0x0000000800000000)
  region size 2048K, 14 young (28672K), 2 survivors (4096K)
 Metaspace       used 54507K, committed 55872K, reserved 1114112K
  class space    used 7112K, committed 7808K, reserved 1048576K
}
Event: 3.812 GC heap after
{Heap after GC invocations=16 (full 0):
 garbage-first heap   total 104448K, used 51861K [0x0000000700000000, 0x0000000800000000)
  region size 2048K, 1 young (2048K), 1 survivors (2048K)
 Metaspace       used 54507K, committed 55872K, reserved 1114112K
  class space    used 7112K, committed 7808K, reserved 1048576K
}

