# JRE version: OpenJDK Runtime Environment JBR-21.0.4+13-509.26-jcef (21.0.4+13) (build 21.0.4+13-b509.26)
# Java VM: OpenJDK 64-Bit Server VM JBR-21.0.4+13-509.26-jcef (21.0.4+13-b509.26, mixed mode, tiered, compressed oops, compressed class ptrs, g1 gc, windows-amd64)
GC Precious Log:
 CardTable entry size: 512
 Card Set container configuration: InlinePtr #cards 4 size 8 Array Of Cards #cards 16 size 48 Howl #buckets 8 coarsen threshold 3686 Howl Bitmap #cards 512 size 80 coarsen threshold 460 Card regions per heap region 1 cards per card region 4096
 CPUs: 4 total, 4 available
 Memory: 5171M
 Large Page Support: Disabled
 NUMA Support: Disabled
 Compressed Oops: Enabled (Zero based)
 Heap Region Size: 2M
 Heap Min Capacity: 8M
 Heap Initial Capacity: 82M
 Heap Max Capacity: 4G
 Pre-touch: Disabled
 Parallel Workers: 4
 Concurrent Workers: 1
 Concurrent Refinement Workers: 4
 Periodic GC: Disabled
Heap:
 garbage-first heap   total 83968K, used 57073K [0x0000000700000000, 0x0000000800000000)
  region size 2048K, 10 young (20480K), 1 survivors (2048K)
 Metaspace       used 45722K, committed 46912K, reserved 1114112K
  class space    used 6076K, committed 6656K, reserved 1048576K
GC Heap History (20 events):
Event: 0.542 GC heap before
{Heap before GC invocations=0 (full 0):
 garbage-first heap   total 83968K, used 12288K [0x0000000700000000, 0x0000000800000000)
  region size 2048K, 6 young (12288K), 0 survivors (0K)
 Metaspace       used 7973K, committed 8128K, reserved 1114112K
  class space    used 668K, committed 704K, reserved 1048576K
}
Event: 0.551 GC heap after
{Heap after GC invocations=1 (full 0):
 garbage-first heap   total 83968K, used 1540K [0x0000000700000000, 0x0000000800000000)
  region size 2048K, 1 young (2048K), 1 survivors (2048K)
 Metaspace       used 7973K, committed 8128K, reserved 1114112K
  class space    used 668K, committed 704K, reserved 1048576K
}
Event: 1.524 GC heap before
{Heap before GC invocations=1 (full 0):
 garbage-first heap   total 83968K, used 22020K [0x0000000700000000, 0x0000000800000000)
  region size 2048K, 10 young (20480K), 1 survivors (2048K)
 Metaspace       used 12587K, committed 12736K, reserved 1114112K
  class space    used 1238K, committed 1280K, reserved 1048576K
}
Event: 1.530 GC heap after
{Heap after GC invocations=2 (full 0):
 garbage-first heap   total 83968K, used 10530K [0x0000000700000000, 0x0000000800000000)
  region size 2048K, 2 young (4096K), 2 survivors (4096K)
 Metaspace       used 12587K, committed 12736K, reserved 1114112K
  class space    used 1238K, committed 1280K, reserved 1048576K
}
Event: 2.157 GC heap before
{Heap before GC invocations=2 (full 0):
 garbage-first heap   total 83968K, used 31010K [0x0000000700000000, 0x0000000800000000)
  region size 2048K, 12 young (24576K), 2 survivors (4096K)
 Metaspace       used 12672K, committed 12864K, reserved 1114112K
  class space    used 1239K, committed 1280K, reserved 1048576K
}
Event: 2.162 GC heap after
{Heap after GC invocations=3 (full 0):
 garbage-first heap   total 83968K, used 11340K [0x0000000700000000, 0x0000000800000000)
  region size 2048K, 1 young (2048K), 1 survivors (2048K)
 Metaspace       used 12672K, committed 12864K, reserved 1114112K
  class space    used 1239K, committed 1280K, reserved 1048576K
}
Event: 3.297 GC heap before
{Heap before GC invocations=3 (full 0):
 garbage-first heap   total 83968K, used 48204K [0x0000000700000000, 0x0000000800000000)
  region size 2048K, 21 young (43008K), 1 survivors (2048K)
 Metaspace       used 21220K, committed 21504K, reserved 1114112K
  class space    used 2285K, committed 2432K, reserved 1048576K
}
Event: 3.304 GC heap after
{Heap after GC invocations=4 (full 0):
 garbage-first heap   total 83968K, used 19034K [0x0000000700000000, 0x0000000800000000)
  region size 2048K, 3 young (6144K), 3 survivors (6144K)
 Metaspace       used 21220K, committed 21504K, reserved 1114112K
  class space    used 2285K, committed 2432K, reserved 1048576K
}
Event: 4.180 GC heap before
{Heap before GC invocations=5 (full 0):
 garbage-first heap   total 69632K, used 49754K [0x0000000700000000, 0x0000000800000000)
  region size 2048K, 19 young (38912K), 3 survivors (6144K)
 Metaspace       used 27537K, committed 28032K, reserved 1114112K
  class space    used 3205K, committed 3456K, reserved 1048576K
}
Event: 4.185 GC heap after
{Heap after GC invocations=6 (full 0):
 garbage-first heap   total 69632K, used 20921K [0x0000000700000000, 0x0000000800000000)
  region size 2048K, 1 young (2048K), 1 survivors (2048K)
 Metaspace       used 27537K, committed 28032K, reserved 1114112K
  class space    used 3205K, committed 3456K, reserved 1048576K
}
Event: 4.868 GC heap before
{Heap before GC invocations=6 (full 0):
 garbage-first heap   total 69632K, used 49593K [0x0000000700000000, 0x0000000800000000)
  region size 2048K, 15 young (30720K), 1 survivors (2048K)
 Metaspace       used 31574K, committed 32192K, reserved 1114112K
  class space    used 3897K, committed 4224K, reserved 1048576K
}
Event: 4.871 GC heap after
{Heap after GC invocations=7 (full 0):
 garbage-first heap   total 69632K, used 22757K [0x0000000700000000, 0x0000000800000000)
  region size 2048K, 2 young (4096K), 2 survivors (4096K)
 Metaspace       used 31574K, committed 32192K, reserved 1114112K
  class space    used 3897K, committed 4224K, reserved 1048576K
}
Event: 5.444 GC heap before
{Heap before GC invocations=7 (full 0):
 garbage-first heap   total 69632K, used 57573K [0x0000000700000000, 0x0000000800000000)
  region size 2048K, 15 young (30720K), 2 survivors (4096K)
 Metaspace       used 35075K, committed 35904K, reserved 1114112K
  class space    used 4518K, committed 4928K, reserved 1048576K
}
Event: 5.450 GC heap after
{Heap after GC invocations=8 (full 0):
 garbage-first heap   total 69632K, used 36157K [0x0000000700000000, 0x0000000800000000)
  region size 2048K, 2 young (4096K), 2 survivors (4096K)
 Metaspace       used 35075K, committed 35904K, reserved 1114112K
  class space    used 4518K, committed 4928K, reserved 1048576K
}
Event: 5.773 GC heap before
{Heap before GC invocations=9 (full 0):
 garbage-first heap   total 69632K, used 60733K [0x0000000700000000, 0x0000000800000000)
  region size 2048K, 13 young (26624K), 2 survivors (4096K)
 Metaspace       used 37785K, committed 38720K, reserved 1114112K
  class space    used 4952K, committed 5440K, reserved 1048576K
}
Event: 5.776 GC heap after
{Heap after GC invocations=10 (full 0):
 garbage-first heap   total 69632K, used 41661K [0x0000000700000000, 0x0000000800000000)
  region size 2048K, 2 young (4096K), 2 survivors (4096K)
 Metaspace       used 37785K, committed 38720K, reserved 1114112K
  class space    used 4952K, committed 5440K, reserved 1048576K
}
Event: 5.942 GC heap before
{Heap before GC invocations=10 (full 0):
 garbage-first heap   total 69632K, used 58045K [0x0000000700000000, 0x0000000800000000)
  region size 2048K, 10 young (20480K), 2 survivors (4096K)
 Metaspace       used 39731K, committed 40832K, reserved 1114112K
  class space    used 5285K, committed 5824K, reserved 1048576K
}
Event: 5.945 GC heap after
{Heap after GC invocations=11 (full 0):
 garbage-first heap   total 69632K, used 41908K [0x0000000700000000, 0x0000000800000000)
  region size 2048K, 1 young (2048K), 1 survivors (2048K)
 Metaspace       used 39731K, committed 40832K, reserved 1114112K
  class space    used 5285K, committed 5824K, reserved 1048576K
}
Event: 6.165 GC heap before
{Heap before GC invocations=11 (full 0):
 garbage-first heap   total 69632K, used 58292K [0x0000000700000000, 0x0000000800000000)
  region size 2048K, 10 young (20480K), 1 survivors (2048K)
 Metaspace       used 42384K, committed 43584K, reserved 1114112K
  class space    used 5702K, committed 6272K, reserved 1048576K
}
Event: 6.167 GC heap after
{Heap after GC invocations=12 (full 0):
 garbage-first heap   total 83968K, used 42737K [0x0000000700000000, 0x0000000800000000)
  region size 2048K, 1 young (2048K), 1 survivors (2048K)
 Metaspace       used 42384K, committed 43584K, reserved 1114112K
  class space    used 5702K, committed 6272K, reserved 1048576K
}

